# JRE version: OpenJDK Runtime Environment GraalVM CE 22.3.0 (17.0.5+8) (build 17.0.5+8-jvmci-22.3-b08)
# Java VM: OpenJDK 64-Bit Server VM GraalVM CE 22.3.0 (17.0.5+8-jvmci-22.3-b08, mixed mode, sharing, tiered, jvmci, jvmci compiler, compressed oops, compressed class ptrs, parallel gc, linux-amd64)
GC Precious Log:
 CPUs: 8 total, 1 available
 Memory: 1024M
 Large Page Support: Disabled
 NUMA Support: Disabled
 Compressed Oops: Enabled (32-bit)
 Alignments: Space 512K, Generation 512K, Heap 2M
 Heap Min Capacity: 100M
 Heap Initial Capacity: 100M
 Heap Max Capacity: 512M
 Pre-touch: Disabled
 Parallel Workers: 1
Heap:
 PSYoungGen      total 48640K, used 29696K [0x00000000f5580000, 0x00000000fbc00000, 0x0000000100000000)
  eden space 29696K, 100% used [0x00000000f5580000,0x00000000f7280000,0x00000000f7280000)
  from space 18944K, 0% used [0x00000000f9700000,0x00000000f9700000,0x00000000fa980000)
  to   space 37376K, 0% used [0x00000000f7280000,0x00000000f7280000,0x00000000f9700000)
 ParOldGen       total 349696K, used 349695K [0x00000000e0000000, 0x00000000f5580000, 0x00000000f5580000)
  object space 349696K, 99% used [0x00000000e0000000,0x00000000f557ffa0,0x00000000f5580000)
 Metaspace       used 60686K, committed 61888K, reserved 1105920K
  class space    used 5967K, committed 6400K, reserved 1048576K
GC Heap History (20 events):
Event: 390.911 GC heap before
{Heap before GC invocations=341 (full 248):
 PSYoungGen      total 48640K, used 29695K [0x00000000f5580000, 0x00000000fbc00000, 0x0000000100000000)
  eden space 29696K, 99% used [0x00000000f5580000,0x00000000f727fff8,0x00000000f7280000)
  from space 18944K, 0% used [0x00000000f9700000,0x00000000f9700000,0x00000000fa980000)
  to   space 37376K, 0% used [0x00000000f7280000,0x00000000f7280000,0x00000000f9700000)
 ParOldGen       total 349696K, used 349695K [0x00000000e0000000, 0x00000000f5580000, 0x00000000f5580000)
  object space 349696K, 99% used [0x00000000e0000000,0x00000000f557fff8,0x00000000f5580000)
 Metaspace       used 60679K, committed 61888K, reserved 1105920K
  class space    used 5965K, committed 6400K, reserved 1048576K
}
Event: 392.192 GC heap after
{Heap after GC invocations=341 (full 248):
 PSYoungGen      total 67072K, used 29695K [0x00000000f5580000, 0x00000000fbc00000, 0x0000000100000000)
  eden space 29696K, 99% used [0x00000000f5580000,0x00000000f727fff8,0x00000000f7280000)
  from space 37376K, 0% used [0x00000000f7280000,0x00000000f7280000,0x00000000f9700000)
  to   space 18944K, 0% used [0x00000000f9700000,0x00000000f9700000,0x00000000fa980000)
 ParOldGen       total 349696K, used 349695K [0x00000000e0000000, 0x00000000f5580000, 0x00000000f5580000)
  object space 349696K, 99% used [0x00000000e0000000,0x00000000f557ffb8,0x00000000f5580000)
 Metaspace       used 60679K, committed 61888K, reserved 1105920K
  class space    used 5965K, committed 6400K, reserved 1048576K
}
Event: 392.193 GC heap before
{Heap before GC invocations=342 (full 249):
 PSYoungGen      total 67072K, used 29695K [0x00000000f5580000, 0x00000000fbc00000, 0x0000000100000000)
  eden space 29696K, 99% used [0x00000000f5580000,0x00000000f727fff8,0x00000000f7280000)
  from space 37376K, 0% used [0x00000000f7280000,0x00000000f7280000,0x00000000f9700000)
  to   space 18944K, 0% used [0x00000000f9700000,0x00000000f9700000,0x00000000fa980000)
 ParOldGen       total 349696K, used 349695K [0x00000000e0000000, 0x00000000f5580000, 0x00000000f5580000)
  object space 349696K, 99% used [0x00000000e0000000,0x00000000f557fff8,0x00000000f5580000)
 Metaspace       used 60679K, committed 61888K, reserved 1105920K
  class space    used 5965K, committed 6400K, reserved 1048576K
}
Event: 393.564 GC heap after
{Heap after GC invocations=342 (full 249):
 PSYoungGen      total 48640K, used 29695K [0x00000000f5580000, 0x00000000fbc00000, 0x0000000100000000)
  eden space 29696K, 99% used [0x00000000f5580000,0x00000000f727fff8,0x00000000f7280000)
  from space 18944K, 0% used [0x00000000f9700000,0x00000000f9700000,0x00000000fa980000)
  to   space 37376K, 0% used [0x00000000f7280000,0x00000000f7280000,0x00000000f9700000)
 ParOldGen       total 349696K, used 349695K [0x00000000e0000000, 0x00000000f5580000, 0x00000000f5580000)
  object space 349696K, 99% used [0x00000000e0000000,0x00000000f557ffb8,0x00000000f5580000)
 Metaspace       used 60679K, committed 61888K, reserved 1105920K
  class space    used 5965K, committed 6400K, reserved 1048576K
}
Event: 393.564 GC heap before
{Heap before GC invocations=343 (full 250):
 PSYoungGen      total 48640K, used 29695K [0x00000000f5580000, 0x00000000fbc00000, 0x0000000100000000)
  eden space 29696K, 99% used [0x00000000f5580000,0x00000000f727fff8,0x00000000f7280000)
  from space 18944K, 0% used [0x00000000f9700000,0x00000000f9700000,0x00000000fa980000)
  to   space 37376K, 0% used [0x00000000f7280000,0x00000000f7280000,0x00000000f9700000)
 ParOldGen       total 349696K, used 349695K [0x00000000e0000000, 0x00000000f5580000, 0x00000000f5580000)
  object space 349696K, 99% used [0x00000000e0000000,0x00000000f557fff8,0x00000000f5580000)
 Metaspace       used 60679K, committed 61888K, reserved 1105920K
  class space    used 5965K, committed 6400K, reserved 1048576K
}
Event: 394.897 GC heap after
{Heap after GC invocations=343 (full 250):
 PSYoungGen      total 67072K, used 29695K [0x00000000f5580000, 0x00000000fbc00000, 0x0000000100000000)
  eden space 29696K, 99% used [0x00000000f5580000,0x00000000f727fff8,0x00000000f7280000)
  from space 37376K, 0% used [0x00000000f7280000,0x00000000f7280000,0x00000000f9700000)
  to   space 18944K, 0% used [0x00000000f9700000,0x00000000f9700000,0x00000000fa980000)
 ParOldGen       total 349696K, used 349695K [0x00000000e0000000, 0x00000000f5580000, 0x00000000f5580000)
  object space 349696K, 99% used [0x00000000e0000000,0x00000000f557ffb8,0x00000000f5580000)
 Metaspace       used 60679K, committed 61888K, reserved 1105920K
  class space    used 5965K, committed 6400K, reserved 1048576K
}
Event: 394.897 GC heap before
{Heap before GC invocations=344 (full 251):
 PSYoungGen      total 67072K, used 29695K [0x00000000f5580000, 0x00000000fbc00000, 0x0000000100000000)
  eden space 29696K, 99% used [0x00000000f5580000,0x00000000f727fff8,0x00000000f7280000)
  from space 37376K, 0% used [0x00000000f7280000,0x00000000f7280000,0x00000000f9700000)
  to   space 18944K, 0% used [0x00000000f9700000,0x00000000f9700000,0x00000000fa980000)
 ParOldGen       total 349696K, used 349695K [0x00000000e0000000, 0x00000000f5580000, 0x00000000f5580000)
  object space 349696K, 99% used [0x00000000e0000000,0x00000000f557ffd8,0x00000000f5580000)
 Metaspace       used 60679K, committed 61888K, reserved 1105920K
  class space    used 5965K, committed 6400K, reserved 1048576K
}
Event: 396.348 GC heap after
{Heap after GC invocations=344 (full 251):
 PSYoungGen      total 48640K, used 29695K [0x00000000f5580000, 0x00000000fbc00000, 0x0000000100000000)
  eden space 29696K, 99% used [0x00000000f5580000,0x00000000f727fff8,0x00000000f7280000)
  from space 18944K, 0% used [0x00000000f9700000,0x00000000f9700000,0x00000000fa980000)
  to   space 37376K, 0% used [0x00000000f7280000,0x00000000f7280000,0x00000000f9700000)
 ParOldGen       total 349696K, used 349695K [0x00000000e0000000, 0x00000000f5580000, 0x00000000f5580000)
  object space 349696K, 99% used [0x00000000e0000000,0x00000000f557ffb8,0x00000000f5580000)
 Metaspace       used 60679K, committed 61888K, reserved 1105920K
  class space    used 5965K, committed 6400K, reserved 1048576K
}
Event: 396.348 GC heap before
{Heap before GC invocations=345 (full 252):
 PSYoungGen      total 48640K, used 29695K [0x00000000f5580000, 0x00000000fbc00000, 0x0000000100000000)
  eden space 29696K, 99% used [0x00000000f5580000,0x00000000f727fff8,0x00000000f7280000)
  from space 18944K, 0% used [0x00000000f9700000,0x00000000f9700000,0x00000000fa980000)
  to   space 37376K, 0% used [0x00000000f7280000,0x00000000f7280000,0x00000000f9700000)
 ParOldGen       total 349696K, used 349695K [0x00000000e0000000, 0x00000000f5580000, 0x00000000f5580000)
  object space 349696K, 99% used [0x00000000e0000000,0x00000000f557ffb8,0x00000000f5580000)
 Metaspace       used 60679K, committed 61888K, reserved 1105920K
  class space    used 5965K, committed 6400K, reserved 1048576K
}
Event: 397.555 GC heap after
{Heap after GC invocations=345 (full 252):
 PSYoungGen      total 67072K, used 29695K [0x00000000f5580000, 0x00000000fbc00000, 0x0000000100000000)
  eden space 29696K, 99% used [0x00000000f5580000,0x00000000f727fff8,0x00000000f7280000)
  from space 37376K, 0% used [0x00000000f7280000,0x00000000f7280000,0x00000000f9700000)
  to   space 18944K, 0% used [0x00000000f9700000,0x00000000f9700000,0x00000000fa980000)
 ParOldGen       total 349696K, used 349695K [0x00000000e0000000, 0x00000000f5580000, 0x00000000f5580000)
  object space 349696K, 99% used [0x00000000e0000000,0x00000000f557ffb8,0x00000000f5580000)
 Metaspace       used 60679K, committed 61888K, reserved 1105920K
  class space    used 5965K, committed 6400K, reserved 1048576K
}
Event: 397.556 GC heap before
{Heap before GC invocations=346 (full 253):
 PSYoungGen      total 67072K, used 29695K [0x00000000f5580000, 0x00000000fbc00000, 0x0000000100000000)
  eden space 29696K, 99% used [0x00000000f5580000,0x00000000f727fff8,0x00000000f7280000)
  from space 37376K, 0% used [0x00000000f7280000,0x00000000f7280000,0x00000000f9700000)
  to   space 18944K, 0% used [0x00000000f9700000,0x00000000f9700000,0x00000000fa980000)
 ParOldGen       total 349696K, used 349695K [0x00000000e0000000, 0x00000000f5580000, 0x00000000f5580000)
  object space 349696K, 99% used [0x00000000e0000000,0x00000000f557ffe8,0x00000000f5580000)
 Metaspace       used 60681K, committed 61888K, reserved 1105920K
  class space    used 5965K, committed 6400K, reserved 1048576K
}
Event: 398.859 GC heap after
{Heap after GC invocations=346 (full 253):
 PSYoungGen      total 48640K, used 29695K [0x00000000f5580000, 0x00000000fbc00000, 0x0000000100000000)
  eden space 29696K, 99% used [0x00000000f5580000,0x00000000f727ffd0,0x00000000f7280000)
  from space 18944K, 0% used [0x00000000f9700000,0x00000000f9700000,0x00000000fa980000)
  to   space 37376K, 0% used [0x00000000f7280000,0x00000000f7280000,0x00000000f9700000)
 ParOldGen       total 349696K, used 349695K [0x00000000e0000000, 0x00000000f5580000, 0x00000000f5580000)
  object space 349696K, 99% used [0x00000000e0000000,0x00000000f557ffc8,0x00000000f5580000)
 Metaspace       used 60681K, committed 61888K, reserved 1105920K
  class space    used 5965K, committed 6400K, reserved 1048576K
}
Event: 398.859 GC heap before
{Heap before GC invocations=347 (full 254):
 PSYoungGen      total 48640K, used 29695K [0x00000000f5580000, 0x00000000fbc00000, 0x0000000100000000)
  eden space 29696K, 99% used [0x00000000f5580000,0x00000000f727ffd0,0x00000000f7280000)
  from space 18944K, 0% used [0x00000000f9700000,0x00000000f9700000,0x00000000fa980000)
  to   space 37376K, 0% used [0x00000000f7280000,0x00000000f7280000,0x00000000f9700000)
 ParOldGen       total 349696K, used 349695K [0x00000000e0000000, 0x00000000f5580000, 0x00000000f5580000)
  object space 349696K, 99% used [0x00000000e0000000,0x00000000f557ffc8,0x00000000f5580000)
 Metaspace       used 60681K, committed 61888K, reserved 1105920K
  class space    used 5965K, committed 6400K, reserved 1048576K
}
Event: 400.229 GC heap after
{Heap after GC invocations=347 (full 254):
 PSYoungGen      total 67072K, used 29695K [0x00000000f5580000, 0x00000000fbc00000, 0x0000000100000000)
  eden space 29696K, 99% used [0x00000000f5580000,0x00000000f727ffd0,0x00000000f7280000)
  from space 37376K, 0% used [0x00000000f7280000,0x00000000f7280000,0x00000000f9700000)
  to   space 18944K, 0% used [0x00000000f9700000,0x00000000f9700000,0x00000000fa980000)
 ParOldGen       total 349696K, used 349695K [0x00000000e0000000, 0x00000000f5580000, 0x00000000f5580000)
  object space 349696K, 99% used [0x00000000e0000000,0x00000000f557ffc8,0x00000000f5580000)
 Metaspace       used 60681K, committed 61888K, reserved 1105920K
  class space    used 5965K, committed 6400K, reserved 1048576K
}
Event: 400.235 GC heap before
{Heap before GC invocations=348 (full 255):
 PSYoungGen      total 67072K, used 29695K [0x00000000f5580000, 0x00000000fbc00000, 0x0000000100000000)
  eden space 29696K, 99% used [0x00000000f5580000,0x00000000f727fff0,0x00000000f7280000)
  from space 37376K, 0% used [0x00000000f7280000,0x00000000f7280000,0x00000000f9700000)
  to   space 18944K, 0% used [0x00000000f9700000,0x00000000f9700000,0x00000000fa980000)
 ParOldGen       total 349696K, used 349696K [0x00000000e0000000, 0x00000000f5580000, 0x00000000f5580000)
  object space 349696K, 100% used [0x00000000e0000000,0x00000000f5580000,0x00000000f5580000)
 Metaspace       used 60681K, committed 61888K, reserved 1105920K
  class space    used 5965K, committed 6400K, reserved 1048576K
}
Event: 401.753 GC heap after
{Heap after GC invocations=348 (full 255):
 PSYoungGen      total 48640K, used 29695K [0x00000000f5580000, 0x00000000fbc00000, 0x0000000100000000)
  eden space 29696K, 99% used [0x00000000f5580000,0x00000000f727fff0,0x00000000f7280000)
  from space 18944K, 0% used [0x00000000f9700000,0x00000000f9700000,0x00000000fa980000)
  to   space 37376K, 0% used [0x00000000f7280000,0x00000000f7280000,0x00000000f9700000)
 ParOldGen       total 349696K, used 349695K [0x00000000e0000000, 0x00000000f5580000, 0x00000000f5580000)
  object space 349696K, 99% used [0x00000000e0000000,0x00000000f557fd00,0x00000000f5580000)
 Metaspace       used 60681K, committed 61888K, reserved 1105920K
  class space    used 5965K, committed 6400K, reserved 1048576K
}
Event: 401.753 GC heap before
{Heap before GC invocations=349 (full 256):
 PSYoungGen      total 48640K, used 29696K [0x00000000f5580000, 0x00000000fbc00000, 0x0000000100000000)
  eden space 29696K, 100% used [0x00000000f5580000,0x00000000f7280000,0x00000000f7280000)
  from space 18944K, 0% used [0x00000000f9700000,0x00000000f9700000,0x00000000fa980000)
  to   space 37376K, 0% used [0x00000000f7280000,0x00000000f7280000,0x00000000f9700000)
 ParOldGen       total 349696K, used 349695K [0x00000000e0000000, 0x00000000f5580000, 0x00000000f5580000)
  object space 349696K, 99% used [0x00000000e0000000,0x00000000f557ffc0,0x00000000f5580000)
 Metaspace       used 60681K, committed 61888K, reserved 1105920K
  class space    used 5965K, committed 6400K, reserved 1048576K
}
Event: 402.963 GC heap after
{Heap after GC invocations=349 (full 256):
 PSYoungGen      total 67072K, used 29695K [0x00000000f5580000, 0x00000000fbc00000, 0x0000000100000000)
  eden space 29696K, 99% used [0x00000000f5580000,0x00000000f727fff0,0x00000000f7280000)
  from space 37376K, 0% used [0x00000000f7280000,0x00000000f7280000,0x00000000f9700000)
  to   space 18944K, 0% used [0x00000000f9700000,0x00000000f9700000,0x00000000fa980000)
 ParOldGen       total 349696K, used 349695K [0x00000000e0000000, 0x00000000f5580000, 0x00000000f5580000)
  object space 349696K, 99% used [0x00000000e0000000,0x00000000f557fd90,0x00000000f5580000)
 Metaspace       used 60681K, committed 61888K, reserved 1105920K
  class space    used 5965K, committed 6400K, reserved 1048576K
}
Event: 402.963 GC heap before
{Heap before GC invocations=350 (full 257):
 PSYoungGen      total 67072K, used 29695K [0x00000000f5580000, 0x00000000fbc00000, 0x0000000100000000)
  eden space 29696K, 99% used [0x00000000f5580000,0x00000000f727fff0,0x00000000f7280000)
  from space 37376K, 0% used [0x00000000f7280000,0x00000000f7280000,0x00000000f9700000)
  to   space 18944K, 0% used [0x00000000f9700000,0x00000000f9700000,0x00000000fa980000)
 ParOldGen       total 349696K, used 349695K [0x00000000e0000000, 0x00000000f5580000, 0x00000000f5580000)
  object space 349696K, 99% used [0x00000000e0000000,0x00000000f557fd90,0x00000000f5580000)
 Metaspace       used 60681K, committed 61888K, reserved 1105920K
  class space    used 5965K, committed 6400K, reserved 1048576K
}
Event: 404.163 GC heap after
{Heap after GC invocations=350 (full 257):
 PSYoungGen      total 48640K, used 29695K [0x00000000f5580000, 0x00000000fbc00000, 0x0000000100000000)
  eden space 29696K, 99% used [0x00000000f5580000,0x00000000f727fff0,0x00000000f7280000)
  from space 18944K, 0% used [0x00000000f9700000,0x00000000f9700000,0x00000000fa980000)
  to   space 37376K, 0% used [0x00000000f7280000,0x00000000f7280000,0x00000000f9700000)
 ParOldGen       total 349696K, used 349695K [0x00000000e0000000, 0x00000000f5580000, 0x00000000f5580000)
  object space 349696K, 99% used [0x00000000e0000000,0x00000000f557fd90,0x00000000f5580000)
 Metaspace       used 60681K, committed 61888K, reserved 1105920K
  class space    used 5965K, committed 6400K, reserved 1048576K
}

